<?xml version="1.0" encoding="UTF-8"?>
<!-- Generated by org.testng.reporters.JUnitReportReporter -->
<testsuite hostname="tekovio" failures="0" tests="1" name="Scenario.MouseHover" time="4.200" errors="0" timestamp="2024-08-02T12:24:26 PDT" skipped="0">
  <testcase classname="Scenario.MouseHover" name="dragAndDrop" time="4.200"/>
  <system-out/>
</testsuite> <!-- Scenario.MouseHover -->
