<?xml version="1.0" encoding="UTF-8"?>
<!-- Generated by org.testng.reporters.JUnitReportReporter -->
<testsuite hostname="tekovio" failures="0" tests="1" name="Scenario.WindowSwitching" time="18.875" errors="0" timestamp="2024-08-02T12:24:26 PDT" skipped="0">
  <testcase classname="Scenario.WindowSwitching" name="switchWin" time="18.875"/>
  <system-out/>
</testsuite> <!-- Scenario.WindowSwitching -->
