<?xml version="1.0" encoding="UTF-8"?>
<!-- Generated by org.testng.reporters.JUnitReportReporter -->
<testsuite hostname="tekovio" failures="0" tests="1" name="Scenario.HandlingDynData" time="3.696" errors="0" timestamp="2024-08-02T12:24:26 PDT" skipped="0">
  <testcase classname="Scenario.HandlingDynData" name="dynData" time="3.696"/>
  <system-out/>
</testsuite> <!-- Scenario.HandlingDynData -->
